<?xml version="1.0" encoding="UTF-8"?>
<!-- Generated by org.testng.reporters.JUnitXMLReporter -->
<testsuite ignored="0" hostname="HPPRO58" failures="20" tests="26" name="Test2" time="4.695" errors="0" timestamp="2021-04-16T14:14:00 IST">
  <testcase classname="com.ltts.TestNgFile" name="mainTest" time="0.009"/>
  <testcase classname="com.ltts.TestNgFile" name="mainTest" time="2.425">
    <failure type="org.openqa.selenium.InvalidArgumentException" message="invalid argument: entry 0 of &amp;apos;firstMatch&amp;apos; is invalid
from invalid argument: cannot parse capability: goog:chromeOptions
from invalid argument: cannot parse args
from invalid argument: argument is empty
Build info: version: &amp;apos;3.141.59&amp;apos;, revision: &amp;apos;e82be7d358&amp;apos;, time: &amp;apos;2018-11-14T08:17:03&amp;apos;
System info: host: &amp;apos;HPPRO58&amp;apos;, ip: &amp;apos;192.168.96.175&amp;apos;, os.name: &amp;apos;Windows 10&amp;apos;, os.arch: &amp;apos;amd64&amp;apos;, os.version: &amp;apos;10.0&amp;apos;, java.version: &amp;apos;15.0.2&amp;apos;
Driver info: driver.version: ChromeDriver
remote stacktrace: Backtrace:
	Ordinal0 [0x00BEE7D3+124883]
	Ordinal0 [0x00BEE7B1+124849]
	GetHandleVerifier [0x00E38688+193832]
	GetHandleVerifier [0x00E4CA80+276768]
	GetHandleVerifier [0x00E4DEF4+282004]
	GetHandleVerifier [0x00E4B776+271894]
	GetHandleVerifier [0x00E4DEF4+282004]
	GetHandleVerifier [0x00E485A3+259139]
	GetHandleVerifier [0x00E73CB8+437080]
	GetHandleVerifier [0x00E7383E+435934]
	GetHandleVerifier [0x00E7494D+440301]
	GetHandleVerifier [0x00E747FC+439964]
	GetHandleVerifier [0x00E7154B+426987]
	GetHandleVerifier [0x00E54FFD+310941]
	GetHandleVerifier [0x00E55D8E+314414]
	GetHandleVerifier [0x00E55D19+314297]
	GetHandleVerifier [0x00F131EC+1089676]
	GetHandleVerifier [0x00F117C9+1082985]
	GetHandleVerifier [0x00F113A3+1081923]
	GetHandleVerifier [0x0100D9FD+2115741]
	Ordinal0 [0x00D3B82E+1488942]
	Ordinal0 [0x00CD5A7D+1071741]
	Ordinal0 [0x00CD559B+1070491]
	Ordinal0 [0x00CD54B1+1070257]
	Ordinal0 [0x00D0FF53+1310547]
	BaseThreadInitThunk [0x75606359+25]
	RtlGetAppContainerNamedObjectPath [0x77E38964+228]
	RtlGetAppContainerNamedObjectPath [0x77E38934+180]
">
      <![CDATA[org.openqa.selenium.InvalidArgumentException: invalid argument: entry 0 of 'firstMatch' is invalid
from invalid argument: cannot parse capability: goog:chromeOptions
from invalid argument: cannot parse args
from invalid argument: argument is empty
Build info: version: '3.141.59', revision: 'e82be7d358', time: '2018-11-14T08:17:03'
System info: host: 'HPPRO58', ip: '192.168.96.175', os.name: 'Windows 10', os.arch: 'amd64', os.version: '10.0', java.version: '15.0.2'
Driver info: driver.version: ChromeDriver
remote stacktrace: Backtrace:
Ordinal0 [0x00BEE7D3+124883]
Ordinal0 [0x00BEE7B1+124849]
GetHandleVerifier [0x00E38688+193832]
GetHandleVerifier [0x00E4CA80+276768]
GetHandleVerifier [0x00E4DEF4+282004]
GetHandleVerifier [0x00E4B776+271894]
GetHandleVerifier [0x00E4DEF4+282004]
GetHandleVerifier [0x00E485A3+259139]
GetHandleVerifier [0x00E73CB8+437080]
GetHandleVerifier [0x00E7383E+435934]
GetHandleVerifier [0x00E7494D+440301]
GetHandleVerifier [0x00E747FC+439964]
GetHandleVerifier [0x00E7154B+426987]
GetHandleVerifier [0x00E54FFD+310941]
GetHandleVerifier [0x00E55D8E+314414]
GetHandleVerifier [0x00E55D19+314297]
GetHandleVerifier [0x00F131EC+1089676]
GetHandleVerifier [0x00F117C9+1082985]
GetHandleVerifier [0x00F113A3+1081923]
GetHandleVerifier [0x0100D9FD+2115741]
Ordinal0 [0x00D3B82E+1488942]
Ordinal0 [0x00CD5A7D+1071741]
Ordinal0 [0x00CD559B+1070491]
Ordinal0 [0x00CD54B1+1070257]
Ordinal0 [0x00D0FF53+1310547]
BaseThreadInitThunk [0x75606359+25]
RtlGetAppContainerNamedObjectPath [0x77E38964+228]
RtlGetAppContainerNamedObjectPath [0x77E38934+180]

at org.openqa.selenium.remote.W3CHandshakeResponse.lambda$errorHandler$0(W3CHandshakeResponse.java:62)
at org.openqa.selenium.remote.HandshakeResponse.lambda$getResponseFunction$0(HandshakeResponse.java:30)
at org.openqa.selenium.remote.ProtocolHandshake.lambda$createSession$0(ProtocolHandshake.java:126)
at java.base/java.util.stream.ReferencePipeline$3$1.accept(ReferencePipeline.java:195)
at java.base/java.util.Spliterators$ArraySpliterator.tryAdvance(Spliterators.java:958)
at java.base/java.util.stream.ReferencePipeline.forEachWithCancel(ReferencePipeline.java:127)
at java.base/java.util.stream.AbstractPipeline.copyIntoWithCancel(AbstractPipeline.java:502)
at java.base/java.util.stream.AbstractPipeline.copyInto(AbstractPipeline.java:488)
at java.base/java.util.stream.AbstractPipeline.wrapAndCopyInto(AbstractPipeline.java:474)
at java.base/java.util.stream.FindOps$FindOp.evaluateSequential(FindOps.java:150)
at java.base/java.util.stream.AbstractPipeline.evaluate(AbstractPipeline.java:234)
at java.base/java.util.stream.ReferencePipeline.findFirst(ReferencePipeline.java:543)
at org.openqa.selenium.remote.ProtocolHandshake.createSession(ProtocolHandshake.java:128)
at org.openqa.selenium.remote.ProtocolHandshake.createSession(ProtocolHandshake.java:74)
at org.openqa.selenium.remote.HttpCommandExecutor.execute(HttpCommandExecutor.java:136)
at org.openqa.selenium.remote.service.DriverCommandExecutor.execute(DriverCommandExecutor.java:83)
at org.openqa.selenium.remote.RemoteWebDriver.execute(RemoteWebDriver.java:552)
at org.openqa.selenium.remote.RemoteWebDriver.startSession(RemoteWebDriver.java:213)
at org.openqa.selenium.remote.RemoteWebDriver.<init>(RemoteWebDriver.java:131)
at org.openqa.selenium.chrome.ChromeDriver.<init>(ChromeDriver.java:181)
at org.openqa.selenium.chrome.ChromeDriver.<init>(ChromeDriver.java:168)
at org.openqa.selenium.chrome.ChromeDriver.<init>(ChromeDriver.java:157)
at com.ltts.ActionKeyword.setupBrowser(ActionKeyword.java:35)
at com.ltts.ActionKeyword.launchURL(ActionKeyword.java:56)
at com.ltts.TestNgFile.perform(TestNgFile.java:79)
at com.ltts.TestNgFile.mainTest(TestNgFile.java:38)
at java.base/java.util.ArrayList.forEach(ArrayList.java:1511)
... Removed 32 stack frames]]>
    </failure>
  </testcase> <!-- mainTest -->
  <testcase classname="com.ltts.TestNgFile" name="mainTest" time="0.008">
    <failure type="java.lang.NullPointerException" message="Cannot invoke &amp;quot;org.openqa.selenium.WebDriver.findElement(org.openqa.selenium.By)&amp;quot; because &amp;quot;com.ltts.ActionKeyword.driver&amp;quot; is null">
      <![CDATA[java.lang.NullPointerException: Cannot invoke "org.openqa.selenium.WebDriver.findElement(org.openqa.selenium.By)" because "com.ltts.ActionKeyword.driver" is null
at com.ltts.ActionKeyword.enterText(ActionKeyword.java:62)
at com.ltts.TestNgFile.perform(TestNgFile.java:82)
at com.ltts.TestNgFile.mainTest(TestNgFile.java:38)
at java.base/java.util.ArrayList.forEach(ArrayList.java:1511)
... Removed 27 stack frames]]>
    </failure>
  </testcase> <!-- mainTest -->
  <testcase classname="com.ltts.TestNgFile" name="mainTest" time="0.001">
    <failure type="java.lang.NullPointerException" message="Cannot invoke &amp;quot;org.openqa.selenium.WebDriver.findElement(org.openqa.selenium.By)&amp;quot; because &amp;quot;com.ltts.ActionKeyword.driver&amp;quot; is null">
      <![CDATA[java.lang.NullPointerException: Cannot invoke "org.openqa.selenium.WebDriver.findElement(org.openqa.selenium.By)" because "com.ltts.ActionKeyword.driver" is null
at com.ltts.ActionKeyword.enterText(ActionKeyword.java:62)
at com.ltts.TestNgFile.perform(TestNgFile.java:82)
at com.ltts.TestNgFile.mainTest(TestNgFile.java:38)
at java.base/java.util.ArrayList.forEach(ArrayList.java:1511)
... Removed 27 stack frames]]>
    </failure>
  </testcase> <!-- mainTest -->
  <testcase classname="com.ltts.TestNgFile" name="mainTest" time="0.002">
    <failure type="java.lang.NullPointerException" message="Cannot invoke &amp;quot;org.openqa.selenium.WebDriver.findElement(org.openqa.selenium.By)&amp;quot; because &amp;quot;com.ltts.ActionKeyword.driver&amp;quot; is null">
      <![CDATA[java.lang.NullPointerException: Cannot invoke "org.openqa.selenium.WebDriver.findElement(org.openqa.selenium.By)" because "com.ltts.ActionKeyword.driver" is null
at com.ltts.ActionKeyword.singleClick(ActionKeyword.java:67)
at com.ltts.TestNgFile.perform(TestNgFile.java:85)
at com.ltts.TestNgFile.mainTest(TestNgFile.java:38)
at java.base/java.util.ArrayList.forEach(ArrayList.java:1511)
... Removed 27 stack frames]]>
    </failure>
  </testcase> <!-- mainTest -->
  <testcase classname="com.ltts.TestNgFile" name="mainTest" time="0.002">
    <failure type="java.lang.NullPointerException" message="Cannot invoke &amp;quot;org.openqa.selenium.WebDriver.manage()&amp;quot; because &amp;quot;com.ltts.ActionKeyword.driver&amp;quot; is null">
      <![CDATA[java.lang.NullPointerException: Cannot invoke "org.openqa.selenium.WebDriver.manage()" because "com.ltts.ActionKeyword.driver" is null
at com.ltts.ActionKeyword.waitFor(ActionKeyword.java:85)
at com.ltts.TestNgFile.perform(TestNgFile.java:94)
at com.ltts.TestNgFile.mainTest(TestNgFile.java:38)
at java.base/java.util.ArrayList.forEach(ArrayList.java:1511)
... Removed 27 stack frames]]>
    </failure>
  </testcase> <!-- mainTest -->
  <testcase classname="com.ltts.TestNgFile" name="mainTest" time="0.002">
    <failure type="java.lang.NullPointerException" message="Cannot invoke &amp;quot;org.openqa.selenium.WebDriver.findElement(org.openqa.selenium.By)&amp;quot; because &amp;quot;com.ltts.ActionKeyword.driver&amp;quot; is null">
      <![CDATA[java.lang.NullPointerException: Cannot invoke "org.openqa.selenium.WebDriver.findElement(org.openqa.selenium.By)" because "com.ltts.ActionKeyword.driver" is null
at com.ltts.ActionKeyword.singleClick(ActionKeyword.java:67)
at com.ltts.TestNgFile.perform(TestNgFile.java:85)
at com.ltts.TestNgFile.mainTest(TestNgFile.java:38)
at java.base/java.util.ArrayList.forEach(ArrayList.java:1511)
... Removed 27 stack frames]]>
    </failure>
  </testcase> <!-- mainTest -->
  <testcase classname="com.ltts.TestNgFile" name="mainTest" time="0.001">
    <failure type="java.lang.NullPointerException" message="Cannot invoke &amp;quot;org.openqa.selenium.WebDriver.manage()&amp;quot; because &amp;quot;com.ltts.ActionKeyword.driver&amp;quot; is null">
      <![CDATA[java.lang.NullPointerException: Cannot invoke "org.openqa.selenium.WebDriver.manage()" because "com.ltts.ActionKeyword.driver" is null
at com.ltts.ActionKeyword.waitFor(ActionKeyword.java:85)
at com.ltts.TestNgFile.perform(TestNgFile.java:94)
at com.ltts.TestNgFile.mainTest(TestNgFile.java:38)
at java.base/java.util.ArrayList.forEach(ArrayList.java:1511)
... Removed 27 stack frames]]>
    </failure>
  </testcase> <!-- mainTest -->
  <testcase classname="com.ltts.TestNgFile" name="mainTest" time="0.001">
    <failure type="java.lang.NullPointerException" message="Cannot invoke &amp;quot;org.openqa.selenium.WebDriver.findElement(org.openqa.selenium.By)&amp;quot; because &amp;quot;com.ltts.ActionKeyword.driver&amp;quot; is null">
      <![CDATA[java.lang.NullPointerException: Cannot invoke "org.openqa.selenium.WebDriver.findElement(org.openqa.selenium.By)" because "com.ltts.ActionKeyword.driver" is null
at com.ltts.ActionKeyword.singleClick(ActionKeyword.java:67)
at com.ltts.TestNgFile.perform(TestNgFile.java:85)
at com.ltts.TestNgFile.mainTest(TestNgFile.java:38)
at java.base/java.util.ArrayList.forEach(ArrayList.java:1511)
... Removed 27 stack frames]]>
    </failure>
  </testcase> <!-- mainTest -->
  <testcase classname="com.ltts.TestNgFile" name="mainTest" time="0.002">
    <failure type="java.lang.NullPointerException" message="Cannot invoke &amp;quot;org.openqa.selenium.WebDriver.manage()&amp;quot; because &amp;quot;com.ltts.ActionKeyword.driver&amp;quot; is null">
      <![CDATA[java.lang.NullPointerException: Cannot invoke "org.openqa.selenium.WebDriver.manage()" because "com.ltts.ActionKeyword.driver" is null
at com.ltts.ActionKeyword.waitFor(ActionKeyword.java:85)
at com.ltts.TestNgFile.perform(TestNgFile.java:94)
at com.ltts.TestNgFile.mainTest(TestNgFile.java:38)
at java.base/java.util.ArrayList.forEach(ArrayList.java:1511)
... Removed 27 stack frames]]>
    </failure>
  </testcase> <!-- mainTest -->
  <testcase classname="com.ltts.TestNgFile" name="mainTest" time="0.001">
    <failure type="java.lang.NullPointerException" message="Cannot invoke &amp;quot;org.openqa.selenium.WebDriver.close()&amp;quot; because &amp;quot;com.ltts.ActionKeyword.driver&amp;quot; is null">
      <![CDATA[java.lang.NullPointerException: Cannot invoke "org.openqa.selenium.WebDriver.close()" because "com.ltts.ActionKeyword.driver" is null
at com.ltts.ActionKeyword.closeBrowser(ActionKeyword.java:90)
at com.ltts.TestNgFile.perform(TestNgFile.java:97)
at com.ltts.TestNgFile.mainTest(TestNgFile.java:38)
at java.base/java.util.ArrayList.forEach(ArrayList.java:1511)
... Removed 27 stack frames]]>
    </failure>
  </testcase> <!-- mainTest -->
  <testcase classname="com.ltts.TestNgFile" name="mainTest" time="0.003"/>
  <testcase classname="com.ltts.TestNgFile" name="mainTest" time="0.003"/>
  <testcase classname="com.ltts.TestNgFile" name="testLeave" time="0.002"/>
  <testcase classname="com.ltts.TestNgFile" name="testLeave" time="1.094">
    <failure type="org.openqa.selenium.InvalidArgumentException" message="invalid argument: entry 0 of &amp;apos;firstMatch&amp;apos; is invalid
from invalid argument: cannot parse capability: goog:chromeOptions
from invalid argument: cannot parse args
from invalid argument: argument is empty
Build info: version: &amp;apos;3.141.59&amp;apos;, revision: &amp;apos;e82be7d358&amp;apos;, time: &amp;apos;2018-11-14T08:17:03&amp;apos;
System info: host: &amp;apos;HPPRO58&amp;apos;, ip: &amp;apos;192.168.96.175&amp;apos;, os.name: &amp;apos;Windows 10&amp;apos;, os.arch: &amp;apos;amd64&amp;apos;, os.version: &amp;apos;10.0&amp;apos;, java.version: &amp;apos;15.0.2&amp;apos;
Driver info: driver.version: ChromeDriver
remote stacktrace: Backtrace:
	Ordinal0 [0x00BEE7D3+124883]
	Ordinal0 [0x00BEE7B1+124849]
	GetHandleVerifier [0x00E38688+193832]
	GetHandleVerifier [0x00E4CA80+276768]
	GetHandleVerifier [0x00E4DEF4+282004]
	GetHandleVerifier [0x00E4B776+271894]
	GetHandleVerifier [0x00E4DEF4+282004]
	GetHandleVerifier [0x00E485A3+259139]
	GetHandleVerifier [0x00E73CB8+437080]
	GetHandleVerifier [0x00E7383E+435934]
	GetHandleVerifier [0x00E7494D+440301]
	GetHandleVerifier [0x00E747FC+439964]
	GetHandleVerifier [0x00E7154B+426987]
	GetHandleVerifier [0x00E54FFD+310941]
	GetHandleVerifier [0x00E55D8E+314414]
	GetHandleVerifier [0x00E55D19+314297]
	GetHandleVerifier [0x00F131EC+1089676]
	GetHandleVerifier [0x00F117C9+1082985]
	GetHandleVerifier [0x00F113A3+1081923]
	GetHandleVerifier [0x0100D9FD+2115741]
	Ordinal0 [0x00D3B82E+1488942]
	Ordinal0 [0x00CD5A7D+1071741]
	Ordinal0 [0x00CD559B+1070491]
	Ordinal0 [0x00CD54B1+1070257]
	Ordinal0 [0x00D0FF53+1310547]
	BaseThreadInitThunk [0x75606359+25]
	RtlGetAppContainerNamedObjectPath [0x77E38964+228]
	RtlGetAppContainerNamedObjectPath [0x77E38934+180]
">
      <![CDATA[org.openqa.selenium.InvalidArgumentException: invalid argument: entry 0 of 'firstMatch' is invalid
from invalid argument: cannot parse capability: goog:chromeOptions
from invalid argument: cannot parse args
from invalid argument: argument is empty
Build info: version: '3.141.59', revision: 'e82be7d358', time: '2018-11-14T08:17:03'
System info: host: 'HPPRO58', ip: '192.168.96.175', os.name: 'Windows 10', os.arch: 'amd64', os.version: '10.0', java.version: '15.0.2'
Driver info: driver.version: ChromeDriver
remote stacktrace: Backtrace:
Ordinal0 [0x00BEE7D3+124883]
Ordinal0 [0x00BEE7B1+124849]
GetHandleVerifier [0x00E38688+193832]
GetHandleVerifier [0x00E4CA80+276768]
GetHandleVerifier [0x00E4DEF4+282004]
GetHandleVerifier [0x00E4B776+271894]
GetHandleVerifier [0x00E4DEF4+282004]
GetHandleVerifier [0x00E485A3+259139]
GetHandleVerifier [0x00E73CB8+437080]
GetHandleVerifier [0x00E7383E+435934]
GetHandleVerifier [0x00E7494D+440301]
GetHandleVerifier [0x00E747FC+439964]
GetHandleVerifier [0x00E7154B+426987]
GetHandleVerifier [0x00E54FFD+310941]
GetHandleVerifier [0x00E55D8E+314414]
GetHandleVerifier [0x00E55D19+314297]
GetHandleVerifier [0x00F131EC+1089676]
GetHandleVerifier [0x00F117C9+1082985]
GetHandleVerifier [0x00F113A3+1081923]
GetHandleVerifier [0x0100D9FD+2115741]
Ordinal0 [0x00D3B82E+1488942]
Ordinal0 [0x00CD5A7D+1071741]
Ordinal0 [0x00CD559B+1070491]
Ordinal0 [0x00CD54B1+1070257]
Ordinal0 [0x00D0FF53+1310547]
BaseThreadInitThunk [0x75606359+25]
RtlGetAppContainerNamedObjectPath [0x77E38964+228]
RtlGetAppContainerNamedObjectPath [0x77E38934+180]

at org.openqa.selenium.remote.W3CHandshakeResponse.lambda$errorHandler$0(W3CHandshakeResponse.java:62)
at org.openqa.selenium.remote.HandshakeResponse.lambda$getResponseFunction$0(HandshakeResponse.java:30)
at org.openqa.selenium.remote.ProtocolHandshake.lambda$createSession$0(ProtocolHandshake.java:126)
at java.base/java.util.stream.ReferencePipeline$3$1.accept(ReferencePipeline.java:195)
at java.base/java.util.Spliterators$ArraySpliterator.tryAdvance(Spliterators.java:958)
at java.base/java.util.stream.ReferencePipeline.forEachWithCancel(ReferencePipeline.java:127)
at java.base/java.util.stream.AbstractPipeline.copyIntoWithCancel(AbstractPipeline.java:502)
at java.base/java.util.stream.AbstractPipeline.copyInto(AbstractPipeline.java:488)
at java.base/java.util.stream.AbstractPipeline.wrapAndCopyInto(AbstractPipeline.java:474)
at java.base/java.util.stream.FindOps$FindOp.evaluateSequential(FindOps.java:150)
at java.base/java.util.stream.AbstractPipeline.evaluate(AbstractPipeline.java:234)
at java.base/java.util.stream.ReferencePipeline.findFirst(ReferencePipeline.java:543)
at org.openqa.selenium.remote.ProtocolHandshake.createSession(ProtocolHandshake.java:128)
at org.openqa.selenium.remote.ProtocolHandshake.createSession(ProtocolHandshake.java:74)
at org.openqa.selenium.remote.HttpCommandExecutor.execute(HttpCommandExecutor.java:136)
at org.openqa.selenium.remote.service.DriverCommandExecutor.execute(DriverCommandExecutor.java:83)
at org.openqa.selenium.remote.RemoteWebDriver.execute(RemoteWebDriver.java:552)
at org.openqa.selenium.remote.RemoteWebDriver.startSession(RemoteWebDriver.java:213)
at org.openqa.selenium.remote.RemoteWebDriver.<init>(RemoteWebDriver.java:131)
at org.openqa.selenium.chrome.ChromeDriver.<init>(ChromeDriver.java:181)
at org.openqa.selenium.chrome.ChromeDriver.<init>(ChromeDriver.java:168)
at org.openqa.selenium.chrome.ChromeDriver.<init>(ChromeDriver.java:157)
at com.ltts.ActionKeyword.setupBrowser(ActionKeyword.java:35)
at com.ltts.ActionKeyword.launchURL(ActionKeyword.java:56)
at com.ltts.TestNgFile.perform(TestNgFile.java:79)
at com.ltts.TestNgFile.testLeave(TestNgFile.java:46)
at java.base/java.util.ArrayList.forEach(ArrayList.java:1511)
... Removed 32 stack frames]]>
    </failure>
  </testcase> <!-- testLeave -->
  <testcase classname="com.ltts.TestNgFile" name="testLeave" time="0.002">
    <failure type="java.lang.NullPointerException" message="Cannot invoke &amp;quot;org.openqa.selenium.WebDriver.findElement(org.openqa.selenium.By)&amp;quot; because &amp;quot;com.ltts.ActionKeyword.driver&amp;quot; is null">
      <![CDATA[java.lang.NullPointerException: Cannot invoke "org.openqa.selenium.WebDriver.findElement(org.openqa.selenium.By)" because "com.ltts.ActionKeyword.driver" is null
at com.ltts.ActionKeyword.enterText(ActionKeyword.java:62)
at com.ltts.TestNgFile.perform(TestNgFile.java:82)
at com.ltts.TestNgFile.testLeave(TestNgFile.java:46)
at java.base/java.util.ArrayList.forEach(ArrayList.java:1511)
... Removed 27 stack frames]]>
    </failure>
  </testcase> <!-- testLeave -->
  <testcase classname="com.ltts.TestNgFile" name="testLeave" time="0.001">
    <failure type="java.lang.NullPointerException" message="Cannot invoke &amp;quot;org.openqa.selenium.WebDriver.findElement(org.openqa.selenium.By)&amp;quot; because &amp;quot;com.ltts.ActionKeyword.driver&amp;quot; is null">
      <![CDATA[java.lang.NullPointerException: Cannot invoke "org.openqa.selenium.WebDriver.findElement(org.openqa.selenium.By)" because "com.ltts.ActionKeyword.driver" is null
at com.ltts.ActionKeyword.enterText(ActionKeyword.java:62)
at com.ltts.TestNgFile.perform(TestNgFile.java:82)
at com.ltts.TestNgFile.testLeave(TestNgFile.java:46)
at java.base/java.util.ArrayList.forEach(ArrayList.java:1511)
... Removed 27 stack frames]]>
    </failure>
  </testcase> <!-- testLeave -->
  <testcase classname="com.ltts.TestNgFile" name="testLeave" time="0.001">
    <failure type="java.lang.NullPointerException" message="Cannot invoke &amp;quot;org.openqa.selenium.WebDriver.findElement(org.openqa.selenium.By)&amp;quot; because &amp;quot;com.ltts.ActionKeyword.driver&amp;quot; is null">
      <![CDATA[java.lang.NullPointerException: Cannot invoke "org.openqa.selenium.WebDriver.findElement(org.openqa.selenium.By)" because "com.ltts.ActionKeyword.driver" is null
at com.ltts.ActionKeyword.singleClick(ActionKeyword.java:67)
at com.ltts.TestNgFile.perform(TestNgFile.java:85)
at com.ltts.TestNgFile.testLeave(TestNgFile.java:46)
at java.base/java.util.ArrayList.forEach(ArrayList.java:1511)
... Removed 27 stack frames]]>
    </failure>
  </testcase> <!-- testLeave -->
  <testcase classname="com.ltts.TestNgFile" name="testLeave" time="0.002">
    <failure type="java.lang.NullPointerException" message="Cannot invoke &amp;quot;org.openqa.selenium.WebDriver.manage()&amp;quot; because &amp;quot;com.ltts.ActionKeyword.driver&amp;quot; is null">
      <![CDATA[java.lang.NullPointerException: Cannot invoke "org.openqa.selenium.WebDriver.manage()" because "com.ltts.ActionKeyword.driver" is null
at com.ltts.ActionKeyword.waitFor(ActionKeyword.java:85)
at com.ltts.TestNgFile.perform(TestNgFile.java:94)
at com.ltts.TestNgFile.testLeave(TestNgFile.java:46)
at java.base/java.util.ArrayList.forEach(ArrayList.java:1511)
... Removed 27 stack frames]]>
    </failure>
  </testcase> <!-- testLeave -->
  <testcase classname="com.ltts.TestNgFile" name="testLeave" time="0.001">
    <failure type="java.lang.NullPointerException" message="Cannot invoke &amp;quot;org.openqa.selenium.WebDriver.findElement(org.openqa.selenium.By)&amp;quot; because &amp;quot;com.ltts.ActionKeyword.driver&amp;quot; is null">
      <![CDATA[java.lang.NullPointerException: Cannot invoke "org.openqa.selenium.WebDriver.findElement(org.openqa.selenium.By)" because "com.ltts.ActionKeyword.driver" is null
at com.ltts.ActionKeyword.singleClick(ActionKeyword.java:67)
at com.ltts.TestNgFile.perform(TestNgFile.java:85)
at com.ltts.TestNgFile.testLeave(TestNgFile.java:46)
at java.base/java.util.ArrayList.forEach(ArrayList.java:1511)
... Removed 27 stack frames]]>
    </failure>
  </testcase> <!-- testLeave -->
  <testcase classname="com.ltts.TestNgFile" name="testLeave" time="0.0">
    <failure type="java.lang.NullPointerException" message="Cannot invoke &amp;quot;org.openqa.selenium.WebDriver.manage()&amp;quot; because &amp;quot;com.ltts.ActionKeyword.driver&amp;quot; is null">
      <![CDATA[java.lang.NullPointerException: Cannot invoke "org.openqa.selenium.WebDriver.manage()" because "com.ltts.ActionKeyword.driver" is null
at com.ltts.ActionKeyword.waitFor(ActionKeyword.java:85)
at com.ltts.TestNgFile.perform(TestNgFile.java:94)
at com.ltts.TestNgFile.testLeave(TestNgFile.java:46)
at java.base/java.util.ArrayList.forEach(ArrayList.java:1511)
... Removed 27 stack frames]]>
    </failure>
  </testcase> <!-- testLeave -->
  <testcase classname="com.ltts.TestNgFile" name="testLeave" time="0.001">
    <failure type="java.lang.NullPointerException" message="Cannot invoke &amp;quot;org.openqa.selenium.WebDriver.findElement(org.openqa.selenium.By)&amp;quot; because &amp;quot;com.ltts.ActionKeyword.driver&amp;quot; is null">
      <![CDATA[java.lang.NullPointerException: Cannot invoke "org.openqa.selenium.WebDriver.findElement(org.openqa.selenium.By)" because "com.ltts.ActionKeyword.driver" is null
at com.ltts.ActionKeyword.singleClick(ActionKeyword.java:67)
at com.ltts.TestNgFile.perform(TestNgFile.java:85)
at com.ltts.TestNgFile.testLeave(TestNgFile.java:46)
at java.base/java.util.ArrayList.forEach(ArrayList.java:1511)
... Removed 27 stack frames]]>
    </failure>
  </testcase> <!-- testLeave -->
  <testcase classname="com.ltts.TestNgFile" name="testLeave" time="0.001">
    <failure type="java.lang.NullPointerException" message="Cannot invoke &amp;quot;org.openqa.selenium.WebDriver.manage()&amp;quot; because &amp;quot;com.ltts.ActionKeyword.driver&amp;quot; is null">
      <![CDATA[java.lang.NullPointerException: Cannot invoke "org.openqa.selenium.WebDriver.manage()" because "com.ltts.ActionKeyword.driver" is null
at com.ltts.ActionKeyword.waitFor(ActionKeyword.java:85)
at com.ltts.TestNgFile.perform(TestNgFile.java:94)
at com.ltts.TestNgFile.testLeave(TestNgFile.java:46)
at java.base/java.util.ArrayList.forEach(ArrayList.java:1511)
... Removed 27 stack frames]]>
    </failure>
  </testcase> <!-- testLeave -->
  <testcase classname="com.ltts.TestNgFile" name="testLeave" time="0.0">
    <failure type="java.lang.NullPointerException" message="Cannot invoke &amp;quot;org.openqa.selenium.WebDriver.close()&amp;quot; because &amp;quot;com.ltts.ActionKeyword.driver&amp;quot; is null">
      <![CDATA[java.lang.NullPointerException: Cannot invoke "org.openqa.selenium.WebDriver.close()" because "com.ltts.ActionKeyword.driver" is null
at com.ltts.ActionKeyword.closeBrowser(ActionKeyword.java:90)
at com.ltts.TestNgFile.perform(TestNgFile.java:97)
at com.ltts.TestNgFile.testLeave(TestNgFile.java:46)
at java.base/java.util.ArrayList.forEach(ArrayList.java:1511)
... Removed 27 stack frames]]>
    </failure>
  </testcase> <!-- testLeave -->
  <testcase classname="com.ltts.TestNgFile" name="testLeave" time="0.002"/>
  <testcase classname="com.ltts.TestNgFile" name="testLeave" time="0.001"/>
</testsuite> <!-- Test2 -->
